Terminals unused in grammar

    ENDFILE
    ERROR


Grammar

    0 $accept: program $end

    1 program: decl_list

    2 decl_list: decl_list decl
    3          | decl

    4 decl: var_decl
    5     | func_decl

    6 var_decl: type identifier SEMI
    7         | type identifier LBRACKET NUM RBRACKET SEMI

    8 type: INT
    9     | VOID

   10 identifier: ID

   11 func_decl: type identifier LPAREN params RPAREN compound

   12 params: param_list
   13       | VOID

   14 param_list: param_list COMMA param
   15           | param

   16 param: type identifier
   17      | type identifier LBRACKET RBRACKET

   18 compound: LBRACE local_decls stmt_list RBRACE

   19 local_decls: local_decls var_decl
   20            | ε

   21 stmt_list: stmt_list stmt
   22          | ε

   23 stmt: exp_stmt
   24     | compound
   25     | if_stmt
   26     | while_stmt
   27     | return_stmt

   28 exp_stmt: exp SEMI
   29         | SEMI

   30 if_stmt: IF LPAREN exp RPAREN stmt
   31        | IF LPAREN exp RPAREN stmt ELSE stmt

   32 while_stmt: WHILE LPAREN exp RPAREN stmt

   33 return_stmt: RETURN SEMI
   34            | RETURN exp SEMI

   35 exp: var ASSIGN exp
   36    | simple_exp

   37 var: identifier
   38    | identifier LBRACKET exp RBRACKET

   39 simple_exp: add_exp relop add_exp
   40           | add_exp

   41 relop: LE
   42      | LT
   43      | GT
   44      | GE
   45      | EQ
   46      | NE

   47 add_exp: add_exp addop term
   48        | term

   49 addop: PLUS
   50      | MINUS

   51 term: term mulop factor
   52     | factor

   53 mulop: TIMES
   54      | OVER

   55 factor: LPAREN exp RPAREN
   56       | var
   57       | call
   58       | NUM

   59 call: identifier LPAREN args RPAREN

   60 args: arg_list
   61     | ε

   62 arg_list: arg_list COMMA exp
   63         | exp


Terminals, with rules where they appear

    $end (0) 0
    error (256)
    IF (258) 30 31
    ELSE (259) 31
    WHILE (260) 32
    RETURN (261) 33 34
    INT (262) 8
    VOID (263) 9 13
    ID (264) 10
    NUM (265) 7 58
    PLUS (266) 49
    MINUS (267) 50
    TIMES (268) 53
    OVER (269) 54
    LT (270) 42
    LE (271) 41
    GT (272) 43
    GE (273) 44
    EQ (274) 45
    NE (275) 46
    ASSIGN (276) 35
    LPAREN (277) 11 30 31 32 55 59
    RPAREN (278) 11 30 31 32 55 59
    LBRACKET (279) 7 17 38
    RBRACKET (280) 7 17 38
    LBRACE (281) 18
    RBRACE (282) 18
    SEMI (283) 6 7 28 29 33 34
    COMMA (284) 14 62
    ENDFILE (285)
    ERROR (286)


Nonterminals, with rules where they appear

    $accept (32)
        on left: 0
    program (33)
        on left: 1
        on right: 0
    decl_list (34)
        on left: 2 3
        on right: 1 2
    decl (35)
        on left: 4 5
        on right: 2 3
    var_decl (36)
        on left: 6 7
        on right: 4 19
    type (37)
        on left: 8 9
        on right: 6 7 11 16 17
    identifier (38)
        on left: 10
        on right: 6 7 11 16 17 37 38 59
    func_decl (39)
        on left: 11
        on right: 5
    params (40)
        on left: 12 13
        on right: 11
    param_list (41)
        on left: 14 15
        on right: 12 14
    param (42)
        on left: 16 17
        on right: 14 15
    compound (43)
        on left: 18
        on right: 11 24
    local_decls (44)
        on left: 19 20
        on right: 18 19
    stmt_list (45)
        on left: 21 22
        on right: 18 21
    stmt (46)
        on left: 23 24 25 26 27
        on right: 21 30 31 32
    exp_stmt (47)
        on left: 28 29
        on right: 23
    if_stmt (48)
        on left: 30 31
        on right: 25
    while_stmt (49)
        on left: 32
        on right: 26
    return_stmt (50)
        on left: 33 34
        on right: 27
    exp (51)
        on left: 35 36
        on right: 28 30 31 32 34 35 38 55 62 63
    var (52)
        on left: 37 38
        on right: 35 56
    simple_exp (53)
        on left: 39 40
        on right: 36
    relop (54)
        on left: 41 42 43 44 45 46
        on right: 39
    add_exp (55)
        on left: 47 48
        on right: 39 40 47
    addop (56)
        on left: 49 50
        on right: 47
    term (57)
        on left: 51 52
        on right: 47 48 51
    mulop (58)
        on left: 53 54
        on right: 51
    factor (59)
        on left: 55 56 57 58
        on right: 51 52
    call (60)
        on left: 59
        on right: 57
    args (61)
        on left: 60 61
        on right: 59
    arg_list (62)
        on left: 62 63
        on right: 60 62


State 0

    0 $accept: • program $end

    INT   shift, and go to state 1
    VOID  shift, and go to state 2

    program    go to state 3
    decl_list  go to state 4
    decl       go to state 5
    var_decl   go to state 6
    type       go to state 7
    func_decl  go to state 8


State 1

    8 type: INT •

    $default  reduce using rule 8 (type)


State 2

    9 type: VOID •

    $default  reduce using rule 9 (type)


State 3

    0 $accept: program • $end

    $end  shift, and go to state 9


State 4

    1 program: decl_list •
    2 decl_list: decl_list • decl

    INT   shift, and go to state 1
    VOID  shift, and go to state 2

    $default  reduce using rule 1 (program)

    decl       go to state 10
    var_decl   go to state 6
    type       go to state 7
    func_decl  go to state 8


State 5

    3 decl_list: decl •

    $default  reduce using rule 3 (decl_list)


State 6

    4 decl: var_decl •

    $default  reduce using rule 4 (decl)


State 7

    6 var_decl: type • identifier SEMI
    7         | type • identifier LBRACKET NUM RBRACKET SEMI
   11 func_decl: type • identifier LPAREN params RPAREN compound

    ID  shift, and go to state 11

    identifier  go to state 12


State 8

    5 decl: func_decl •

    $default  reduce using rule 5 (decl)


State 9

    0 $accept: program $end •

    $default  accept


State 10

    2 decl_list: decl_list decl •

    $default  reduce using rule 2 (decl_list)


State 11

   10 identifier: ID •

    $default  reduce using rule 10 (identifier)


State 12

    6 var_decl: type identifier • SEMI
    7         | type identifier • LBRACKET NUM RBRACKET SEMI
   11 func_decl: type identifier • LPAREN params RPAREN compound

    LPAREN    shift, and go to state 13
    LBRACKET  shift, and go to state 14
    SEMI      shift, and go to state 15


State 13

   11 func_decl: type identifier LPAREN • params RPAREN compound

    INT   shift, and go to state 1
    VOID  shift, and go to state 16

    type        go to state 17
    params      go to state 18
    param_list  go to state 19
    param       go to state 20


State 14

    7 var_decl: type identifier LBRACKET • NUM RBRACKET SEMI

    NUM  shift, and go to state 21


State 15

    6 var_decl: type identifier SEMI •

    $default  reduce using rule 6 (var_decl)


State 16

    9 type: VOID •
   13 params: VOID •

    RPAREN    reduce using rule 13 (params)
    $default  reduce using rule 9 (type)


State 17

   16 param: type • identifier
   17      | type • identifier LBRACKET RBRACKET

    ID  shift, and go to state 11

    identifier  go to state 22


State 18

   11 func_decl: type identifier LPAREN params • RPAREN compound

    RPAREN  shift, and go to state 23


State 19

   12 params: param_list •
   14 param_list: param_list • COMMA param

    COMMA  shift, and go to state 24

    $default  reduce using rule 12 (params)


State 20

   15 param_list: param •

    $default  reduce using rule 15 (param_list)


State 21

    7 var_decl: type identifier LBRACKET NUM • RBRACKET SEMI

    RBRACKET  shift, and go to state 25


State 22

   16 param: type identifier •
   17      | type identifier • LBRACKET RBRACKET

    LBRACKET  shift, and go to state 26

    $default  reduce using rule 16 (param)


State 23

   11 func_decl: type identifier LPAREN params RPAREN • compound

    LBRACE  shift, and go to state 27

    compound  go to state 28


State 24

   14 param_list: param_list COMMA • param

    INT   shift, and go to state 1
    VOID  shift, and go to state 2

    type   go to state 17
    param  go to state 29


State 25

    7 var_decl: type identifier LBRACKET NUM RBRACKET • SEMI

    SEMI  shift, and go to state 30


State 26

   17 param: type identifier LBRACKET • RBRACKET

    RBRACKET  shift, and go to state 31


State 27

   18 compound: LBRACE • local_decls stmt_list RBRACE

    $default  reduce using rule 20 (local_decls)

    local_decls  go to state 32


State 28

   11 func_decl: type identifier LPAREN params RPAREN compound •

    $default  reduce using rule 11 (func_decl)


State 29

   14 param_list: param_list COMMA param •

    $default  reduce using rule 14 (param_list)


State 30

    7 var_decl: type identifier LBRACKET NUM RBRACKET SEMI •

    $default  reduce using rule 7 (var_decl)


State 31

   17 param: type identifier LBRACKET RBRACKET •

    $default  reduce using rule 17 (param)


State 32

   18 compound: LBRACE local_decls • stmt_list RBRACE
   19 local_decls: local_decls • var_decl

    INT   shift, and go to state 1
    VOID  shift, and go to state 2

    $default  reduce using rule 22 (stmt_list)

    var_decl   go to state 33
    type       go to state 34
    stmt_list  go to state 35


State 33

   19 local_decls: local_decls var_decl •

    $default  reduce using rule 19 (local_decls)


State 34

    6 var_decl: type • identifier SEMI
    7         | type • identifier LBRACKET NUM RBRACKET SEMI

    ID  shift, and go to state 11

    identifier  go to state 36


State 35

   18 compound: LBRACE local_decls stmt_list • RBRACE
   21 stmt_list: stmt_list • stmt

    IF      shift, and go to state 37
    WHILE   shift, and go to state 38
    RETURN  shift, and go to state 39
    ID      shift, and go to state 11
    NUM     shift, and go to state 40
    LPAREN  shift, and go to state 41
    LBRACE  shift, and go to state 27
    RBRACE  shift, and go to state 42
    SEMI    shift, and go to state 43

    identifier   go to state 44
    compound     go to state 45
    stmt         go to state 46
    exp_stmt     go to state 47
    if_stmt      go to state 48
    while_stmt   go to state 49
    return_stmt  go to state 50
    exp          go to state 51
    var          go to state 52
    simple_exp   go to state 53
    add_exp      go to state 54
    term         go to state 55
    factor       go to state 56
    call         go to state 57


State 36

    6 var_decl: type identifier • SEMI
    7         | type identifier • LBRACKET NUM RBRACKET SEMI

    LBRACKET  shift, and go to state 14
    SEMI      shift, and go to state 15


State 37

   30 if_stmt: IF • LPAREN exp RPAREN stmt
   31        | IF • LPAREN exp RPAREN stmt ELSE stmt

    LPAREN  shift, and go to state 58


State 38

   32 while_stmt: WHILE • LPAREN exp RPAREN stmt

    LPAREN  shift, and go to state 59


State 39

   33 return_stmt: RETURN • SEMI
   34            | RETURN • exp SEMI

    ID      shift, and go to state 11
    NUM     shift, and go to state 40
    LPAREN  shift, and go to state 41
    SEMI    shift, and go to state 60

    identifier  go to state 44
    exp         go to state 61
    var         go to state 52
    simple_exp  go to state 53
    add_exp     go to state 54
    term        go to state 55
    factor      go to state 56
    call        go to state 57


State 40

   58 factor: NUM •

    $default  reduce using rule 58 (factor)


State 41

   55 factor: LPAREN • exp RPAREN

    ID      shift, and go to state 11
    NUM     shift, and go to state 40
    LPAREN  shift, and go to state 41

    identifier  go to state 44
    exp         go to state 62
    var         go to state 52
    simple_exp  go to state 53
    add_exp     go to state 54
    term        go to state 55
    factor      go to state 56
    call        go to state 57


State 42

   18 compound: LBRACE local_decls stmt_list RBRACE •

    $default  reduce using rule 18 (compound)


State 43

   29 exp_stmt: SEMI •

    $default  reduce using rule 29 (exp_stmt)


State 44

   37 var: identifier •
   38    | identifier • LBRACKET exp RBRACKET
   59 call: identifier • LPAREN args RPAREN

    LPAREN    shift, and go to state 63
    LBRACKET  shift, and go to state 64

    $default  reduce using rule 37 (var)


State 45

   24 stmt: compound •

    $default  reduce using rule 24 (stmt)


State 46

   21 stmt_list: stmt_list stmt •

    $default  reduce using rule 21 (stmt_list)


State 47

   23 stmt: exp_stmt •

    $default  reduce using rule 23 (stmt)


State 48

   25 stmt: if_stmt •

    $default  reduce using rule 25 (stmt)


State 49

   26 stmt: while_stmt •

    $default  reduce using rule 26 (stmt)


State 50

   27 stmt: return_stmt •

    $default  reduce using rule 27 (stmt)


State 51

   28 exp_stmt: exp • SEMI

    SEMI  shift, and go to state 65


State 52

   35 exp: var • ASSIGN exp
   56 factor: var •

    ASSIGN  shift, and go to state 66

    $default  reduce using rule 56 (factor)


State 53

   36 exp: simple_exp •

    $default  reduce using rule 36 (exp)


State 54

   39 simple_exp: add_exp • relop add_exp
   40           | add_exp •
   47 add_exp: add_exp • addop term

    PLUS   shift, and go to state 67
    MINUS  shift, and go to state 68
    LT     shift, and go to state 69
    LE     shift, and go to state 70
    GT     shift, and go to state 71
    GE     shift, and go to state 72
    EQ     shift, and go to state 73
    NE     shift, and go to state 74

    $default  reduce using rule 40 (simple_exp)

    relop  go to state 75
    addop  go to state 76


State 55

   48 add_exp: term •
   51 term: term • mulop factor

    TIMES  shift, and go to state 77
    OVER   shift, and go to state 78

    $default  reduce using rule 48 (add_exp)

    mulop  go to state 79


State 56

   52 term: factor •

    $default  reduce using rule 52 (term)


State 57

   57 factor: call •

    $default  reduce using rule 57 (factor)


State 58

   30 if_stmt: IF LPAREN • exp RPAREN stmt
   31        | IF LPAREN • exp RPAREN stmt ELSE stmt

    ID      shift, and go to state 11
    NUM     shift, and go to state 40
    LPAREN  shift, and go to state 41

    identifier  go to state 44
    exp         go to state 80
    var         go to state 52
    simple_exp  go to state 53
    add_exp     go to state 54
    term        go to state 55
    factor      go to state 56
    call        go to state 57


State 59

   32 while_stmt: WHILE LPAREN • exp RPAREN stmt

    ID      shift, and go to state 11
    NUM     shift, and go to state 40
    LPAREN  shift, and go to state 41

    identifier  go to state 44
    exp         go to state 81
    var         go to state 52
    simple_exp  go to state 53
    add_exp     go to state 54
    term        go to state 55
    factor      go to state 56
    call        go to state 57


State 60

   33 return_stmt: RETURN SEMI •

    $default  reduce using rule 33 (return_stmt)


State 61

   34 return_stmt: RETURN exp • SEMI

    SEMI  shift, and go to state 82


State 62

   55 factor: LPAREN exp • RPAREN

    RPAREN  shift, and go to state 83


State 63

   59 call: identifier LPAREN • args RPAREN

    ID      shift, and go to state 11
    NUM     shift, and go to state 40
    LPAREN  shift, and go to state 41

    $default  reduce using rule 61 (args)

    identifier  go to state 44
    exp         go to state 84
    var         go to state 52
    simple_exp  go to state 53
    add_exp     go to state 54
    term        go to state 55
    factor      go to state 56
    call        go to state 57
    args        go to state 85
    arg_list    go to state 86


State 64

   38 var: identifier LBRACKET • exp RBRACKET

    ID      shift, and go to state 11
    NUM     shift, and go to state 40
    LPAREN  shift, and go to state 41

    identifier  go to state 44
    exp         go to state 87
    var         go to state 52
    simple_exp  go to state 53
    add_exp     go to state 54
    term        go to state 55
    factor      go to state 56
    call        go to state 57


State 65

   28 exp_stmt: exp SEMI •

    $default  reduce using rule 28 (exp_stmt)


State 66

   35 exp: var ASSIGN • exp

    ID      shift, and go to state 11
    NUM     shift, and go to state 40
    LPAREN  shift, and go to state 41

    identifier  go to state 44
    exp         go to state 88
    var         go to state 52
    simple_exp  go to state 53
    add_exp     go to state 54
    term        go to state 55
    factor      go to state 56
    call        go to state 57


State 67

   49 addop: PLUS •

    $default  reduce using rule 49 (addop)


State 68

   50 addop: MINUS •

    $default  reduce using rule 50 (addop)


State 69

   42 relop: LT •

    $default  reduce using rule 42 (relop)


State 70

   41 relop: LE •

    $default  reduce using rule 41 (relop)


State 71

   43 relop: GT •

    $default  reduce using rule 43 (relop)


State 72

   44 relop: GE •

    $default  reduce using rule 44 (relop)


State 73

   45 relop: EQ •

    $default  reduce using rule 45 (relop)


State 74

   46 relop: NE •

    $default  reduce using rule 46 (relop)


State 75

   39 simple_exp: add_exp relop • add_exp

    ID      shift, and go to state 11
    NUM     shift, and go to state 40
    LPAREN  shift, and go to state 41

    identifier  go to state 44
    var         go to state 89
    add_exp     go to state 90
    term        go to state 55
    factor      go to state 56
    call        go to state 57


State 76

   47 add_exp: add_exp addop • term

    ID      shift, and go to state 11
    NUM     shift, and go to state 40
    LPAREN  shift, and go to state 41

    identifier  go to state 44
    var         go to state 89
    term        go to state 91
    factor      go to state 56
    call        go to state 57


State 77

   53 mulop: TIMES •

    $default  reduce using rule 53 (mulop)


State 78

   54 mulop: OVER •

    $default  reduce using rule 54 (mulop)


State 79

   51 term: term mulop • factor

    ID      shift, and go to state 11
    NUM     shift, and go to state 40
    LPAREN  shift, and go to state 41

    identifier  go to state 44
    var         go to state 89
    factor      go to state 92
    call        go to state 57


State 80

   30 if_stmt: IF LPAREN exp • RPAREN stmt
   31        | IF LPAREN exp • RPAREN stmt ELSE stmt

    RPAREN  shift, and go to state 93


State 81

   32 while_stmt: WHILE LPAREN exp • RPAREN stmt

    RPAREN  shift, and go to state 94


State 82

   34 return_stmt: RETURN exp SEMI •

    $default  reduce using rule 34 (return_stmt)


State 83

   55 factor: LPAREN exp RPAREN •

    $default  reduce using rule 55 (factor)


State 84

   63 arg_list: exp •

    $default  reduce using rule 63 (arg_list)


State 85

   59 call: identifier LPAREN args • RPAREN

    RPAREN  shift, and go to state 95


State 86

   60 args: arg_list •
   62 arg_list: arg_list • COMMA exp

    COMMA  shift, and go to state 96

    $default  reduce using rule 60 (args)


State 87

   38 var: identifier LBRACKET exp • RBRACKET

    RBRACKET  shift, and go to state 97


State 88

   35 exp: var ASSIGN exp •

    $default  reduce using rule 35 (exp)


State 89

   56 factor: var •

    $default  reduce using rule 56 (factor)


State 90

   39 simple_exp: add_exp relop add_exp •
   47 add_exp: add_exp • addop term

    PLUS   shift, and go to state 67
    MINUS  shift, and go to state 68

    $default  reduce using rule 39 (simple_exp)

    addop  go to state 76


State 91

   47 add_exp: add_exp addop term •
   51 term: term • mulop factor

    TIMES  shift, and go to state 77
    OVER   shift, and go to state 78

    $default  reduce using rule 47 (add_exp)

    mulop  go to state 79


State 92

   51 term: term mulop factor •

    $default  reduce using rule 51 (term)


State 93

   30 if_stmt: IF LPAREN exp RPAREN • stmt
   31        | IF LPAREN exp RPAREN • stmt ELSE stmt

    IF      shift, and go to state 37
    WHILE   shift, and go to state 38
    RETURN  shift, and go to state 39
    ID      shift, and go to state 11
    NUM     shift, and go to state 40
    LPAREN  shift, and go to state 41
    LBRACE  shift, and go to state 27
    SEMI    shift, and go to state 43

    identifier   go to state 44
    compound     go to state 45
    stmt         go to state 98
    exp_stmt     go to state 47
    if_stmt      go to state 48
    while_stmt   go to state 49
    return_stmt  go to state 50
    exp          go to state 51
    var          go to state 52
    simple_exp   go to state 53
    add_exp      go to state 54
    term         go to state 55
    factor       go to state 56
    call         go to state 57


State 94

   32 while_stmt: WHILE LPAREN exp RPAREN • stmt

    IF      shift, and go to state 37
    WHILE   shift, and go to state 38
    RETURN  shift, and go to state 39
    ID      shift, and go to state 11
    NUM     shift, and go to state 40
    LPAREN  shift, and go to state 41
    LBRACE  shift, and go to state 27
    SEMI    shift, and go to state 43

    identifier   go to state 44
    compound     go to state 45
    stmt         go to state 99
    exp_stmt     go to state 47
    if_stmt      go to state 48
    while_stmt   go to state 49
    return_stmt  go to state 50
    exp          go to state 51
    var          go to state 52
    simple_exp   go to state 53
    add_exp      go to state 54
    term         go to state 55
    factor       go to state 56
    call         go to state 57


State 95

   59 call: identifier LPAREN args RPAREN •

    $default  reduce using rule 59 (call)


State 96

   62 arg_list: arg_list COMMA • exp

    ID      shift, and go to state 11
    NUM     shift, and go to state 40
    LPAREN  shift, and go to state 41

    identifier  go to state 44
    exp         go to state 100
    var         go to state 52
    simple_exp  go to state 53
    add_exp     go to state 54
    term        go to state 55
    factor      go to state 56
    call        go to state 57


State 97

   38 var: identifier LBRACKET exp RBRACKET •

    $default  reduce using rule 38 (var)


State 98

   30 if_stmt: IF LPAREN exp RPAREN stmt •
   31        | IF LPAREN exp RPAREN stmt • ELSE stmt

    ELSE  shift, and go to state 101

    $default  reduce using rule 30 (if_stmt)


State 99

   32 while_stmt: WHILE LPAREN exp RPAREN stmt •

    $default  reduce using rule 32 (while_stmt)


State 100

   62 arg_list: arg_list COMMA exp •

    $default  reduce using rule 62 (arg_list)


State 101

   31 if_stmt: IF LPAREN exp RPAREN stmt ELSE • stmt

    IF      shift, and go to state 37
    WHILE   shift, and go to state 38
    RETURN  shift, and go to state 39
    ID      shift, and go to state 11
    NUM     shift, and go to state 40
    LPAREN  shift, and go to state 41
    LBRACE  shift, and go to state 27
    SEMI    shift, and go to state 43

    identifier   go to state 44
    compound     go to state 45
    stmt         go to state 102
    exp_stmt     go to state 47
    if_stmt      go to state 48
    while_stmt   go to state 49
    return_stmt  go to state 50
    exp          go to state 51
    var          go to state 52
    simple_exp   go to state 53
    add_exp      go to state 54
    term         go to state 55
    factor       go to state 56
    call         go to state 57


State 102

   31 if_stmt: IF LPAREN exp RPAREN stmt ELSE stmt •

    $default  reduce using rule 31 (if_stmt)
